# JRE version: Java(TM) SE Runtime Environment (8.0_231-b11) (build 1.8.0_231-b11)
# Java VM: Java HotSpot(TM) 64-Bit Server VM (25.231-b11 mixed mode windows-amd64 compressed oops)
Heap:
 PSYoungGen      total 86016K, used 18091K [0x00000000f5580000, 0x00000000fbe00000, 0x0000000100000000)
  eden space 71680K, 25% used [0x00000000f5580000,0x00000000f672af40,0x00000000f9b80000)
  from space 14336K, 0% used [0x00000000f9b80000,0x00000000f9b80000,0x00000000fa980000)
  to   space 13824K, 0% used [0x00000000fb080000,0x00000000fb080000,0x00000000fbe00000)
 ParOldGen       total 239104K, used 17021K [0x00000000e0000000, 0x00000000ee980000, 0x00000000f5580000)
  object space 239104K, 7% used [0x00000000e0000000,0x00000000e109f628,0x00000000ee980000)
 Metaspace       used 37725K, capacity 38634K, committed 38696K, reserved 1083392K
  class space    used 5339K, capacity 5635K, committed 5672K, reserved 1048576K
GC Heap History (10 events):
Event: 90.552 GC heap before
{Heap before GC invocations=5 (full 1):
 PSYoungGen      total 76288K, used 65536K [0x00000000f5580000, 0x00000000faa80000, 0x0000000100000000)
  eden space 65536K, 100% used [0x00000000f5580000,0x00000000f9580000,0x00000000f9580000)
  from space 10752K, 0% used [0x00000000f9580000,0x00000000f9580000,0x00000000fa000000)
  to   space 10752K, 0% used [0x00000000fa000000,0x00000000fa000000,0x00000000faa80000)
 ParOldGen       total 175104K, used 11070K [0x00000000e0000000, 0x00000000eab00000, 0x00000000f5580000)
  object space 175104K, 6% used [0x00000000e0000000,0x00000000e0acf960,0x00000000eab00000)
 Metaspace       used 27483K, capacity 27954K, committed 28080K, reserved 1073152K
  class space    used 3779K, capacity 3976K, committed 4016K, reserved 1048576K
Event: 90.565 GC heap after
Heap after GC invocations=5 (full 1):
 PSYoungGen      total 76288K, used 7908K [0x00000000f5580000, 0x00000000fb280000, 0x0000000100000000)
  eden space 65536K, 0% used [0x00000000f5580000,0x00000000f5580000,0x00000000f9580000)
  from space 10752K, 73% used [0x00000000fa000000,0x00000000fa7b9320,0x00000000faa80000)
  to   space 10752K, 0% used [0x00000000f9580000,0x00000000f9580000,0x00000000fa000000)
 ParOldGen       total 175104K, used 11078K [0x00000000e0000000, 0x00000000eab00000, 0x00000000f5580000)
  object space 175104K, 6% used [0x00000000e0000000,0x00000000e0ad1960,0x00000000eab00000)
 Metaspace       used 27483K, capacity 27954K, committed 28080K, reserved 1073152K
  class space    used 3779K, capacity 3976K, committed 4016K, reserved 1048576K
}
Event: 103.492 GC heap before
{Heap before GC invocations=6 (full 1):
 PSYoungGen      total 76288K, used 73444K [0x00000000f5580000, 0x00000000fb280000, 0x0000000100000000)
  eden space 65536K, 100% used [0x00000000f5580000,0x00000000f9580000,0x00000000f9580000)
  from space 10752K, 73% used [0x00000000fa000000,0x00000000fa7b9320,0x00000000faa80000)
  to   space 10752K, 0% used [0x00000000f9580000,0x00000000f9580000,0x00000000fa000000)
 ParOldGen       total 175104K, used 11078K [0x00000000e0000000, 0x00000000eab00000, 0x00000000f5580000)
  object space 175104K, 6% used [0x00000000e0000000,0x00000000e0ad1960,0x00000000eab00000)
 Metaspace       used 31006K, capacity 31550K, committed 31792K, reserved 1077248K
  class space    used 4375K, capacity 4597K, committed 4656K, reserved 1048576K
Event: 103.508 GC heap after
Heap after GC invocations=6 (full 1):
 PSYoungGen      total 76288K, used 10339K [0x00000000f5580000, 0x00000000fb680000, 0x0000000100000000)
  eden space 65536K, 0% used [0x00000000f5580000,0x00000000f5580000,0x00000000f9580000)
  from space 10752K, 96% used [0x00000000f9580000,0x00000000f9f98eb0,0x00000000fa000000)
  to   space 13312K, 0% used [0x00000000fa980000,0x00000000fa980000,0x00000000fb680000)
 ParOldGen       total 175104K, used 11086K [0x00000000e0000000, 0x00000000eab00000, 0x00000000f5580000)
  object space 175104K, 6% used [0x00000000e0000000,0x00000000e0ad3960,0x00000000eab00000)
 Metaspace       used 31006K, capacity 31550K, committed 31792K, reserved 1077248K
  class space    used 4375K, capacity 4597K, committed 4656K, reserved 1048576K
}
Event: 122.577 GC heap before
{Heap before GC invocations=7 (full 1):
 PSYoungGen      total 76288K, used 75875K [0x00000000f5580000, 0x00000000fb680000, 0x0000000100000000)
  eden space 65536K, 100% used [0x00000000f5580000,0x00000000f9580000,0x00000000f9580000)
  from space 10752K, 96% used [0x00000000f9580000,0x00000000f9f98eb0,0x00000000fa000000)
  to   space 13312K, 0% used [0x00000000fa980000,0x00000000fa980000,0x00000000fb680000)
 ParOldGen       total 175104K, used 11086K [0x00000000e0000000, 0x00000000eab00000, 0x00000000f5580000)
  object space 175104K, 6% used [0x00000000e0000000,0x00000000e0ad3960,0x00000000eab00000)
 Metaspace       used 34525K, capacity 35374K, committed 35496K, reserved 1079296K
  class space    used 4911K, capacity 5173K, committed 5288K, reserved 1048576K
Event: 122.604 GC heap after
Heap after GC invocations=7 (full 1):
 PSYoungGen      total 84992K, used 11979K [0x00000000f5580000, 0x00000000fb800000, 0x0000000100000000)
  eden space 71680K, 0% used [0x00000000f5580000,0x00000000f5580000,0x00000000f9b80000)
  from space 13312K, 89% used [0x00000000fa980000,0x00000000fb532d78,0x00000000fb680000)
  to   space 14336K, 0% used [0x00000000f9b80000,0x00000000f9b80000,0x00000000fa980000)
 ParOldGen       total 175104K, used 11094K [0x00000000e0000000, 0x00000000eab00000, 0x00000000f5580000)
  object space 175104K, 6% used [0x00000000e0000000,0x00000000e0ad5960,0x00000000eab00000)
 Metaspace       used 34525K, capacity 35374K, committed 35496K, reserved 1079296K
  class space    used 4911K, capacity 5173K, committed 5288K, reserved 1048576K
}
Event: 132.539 GC heap before
{Heap before GC invocations=8 (full 1):
 PSYoungGen      total 84992K, used 20445K [0x00000000f5580000, 0x00000000fb800000, 0x0000000100000000)
  eden space 71680K, 11% used [0x00000000f5580000,0x00000000f5dc4930,0x00000000f9b80000)
  from space 13312K, 89% used [0x00000000fa980000,0x00000000fb532d78,0x00000000fb680000)
  to   space 14336K, 0% used [0x00000000f9b80000,0x00000000f9b80000,0x00000000fa980000)
 ParOldGen       total 175104K, used 11094K [0x00000000e0000000, 0x00000000eab00000, 0x00000000f5580000)
  object space 175104K, 6% used [0x00000000e0000000,0x00000000e0ad5960,0x00000000eab00000)
 Metaspace       used 34573K, capacity 35414K, committed 35496K, reserved 1079296K
  class space    used 4916K, capacity 5207K, committed 5288K, reserved 1048576K
Event: 132.564 GC heap after
Heap after GC invocations=8 (full 1):
 PSYoungGen      total 86016K, used 9571K [0x00000000f5580000, 0x00000000fbe00000, 0x0000000100000000)
  eden space 71680K, 0% used [0x00000000f5580000,0x00000000f5580000,0x00000000f9b80000)
  from space 14336K, 66% used [0x00000000f9b80000,0x00000000fa4d8e00,0x00000000fa980000)
  to   space 13824K, 0% used [0x00000000fb080000,0x00000000fb080000,0x00000000fbe00000)
 ParOldGen       total 175104K, used 11102K [0x00000000e0000000, 0x00000000eab00000, 0x00000000f5580000)
  object space 175104K, 6% used [0x00000000e0000000,0x00000000e0ad7960,0x00000000eab00000)
 Metaspace       used 34573K, capacity 35414K, committed 35496K, reserved 1079296K
  class space    used 4916K, capacity 5207K, committed 5288K, reserved 1048576K
}
Event: 132.564 GC heap before
{Heap before GC invocations=9 (full 2):
 PSYoungGen      total 86016K, used 9571K [0x00000000f5580000, 0x00000000fbe00000, 0x0000000100000000)
  eden space 71680K, 0% used [0x00000000f5580000,0x00000000f5580000,0x00000000f9b80000)
  from space 14336K, 66% used [0x00000000f9b80000,0x00000000fa4d8e00,0x00000000fa980000)
  to   space 13824K, 0% used [0x00000000fb080000,0x00000000fb080000,0x00000000fbe00000)
 ParOldGen       total 175104K, used 11102K [0x00000000e0000000, 0x00000000eab00000, 0x00000000f5580000)
  object space 175104K, 6% used [0x00000000e0000000,0x00000000e0ad7960,0x00000000eab00000)
 Metaspace       used 34573K, capacity 35414K, committed 35496K, reserved 1079296K
  class space    used 4916K, capacity 5207K, committed 5288K, reserved 1048576K
Event: 132.708 GC heap after
Heap after GC invocations=9 (full 2):
 PSYoungGen      total 86016K, used 0K [0x00000000f5580000, 0x00000000fbe00000, 0x0000000100000000)
  eden space 71680K, 0% used [0x00000000f5580000,0x00000000f5580000,0x00000000f9b80000)
  from space 14336K, 0% used [0x00000000f9b80000,0x00000000f9b80000,0x00000000fa980000)
  to   space 13824K, 0% used [0x00000000fb080000,0x00000000fb080000,0x00000000fbe00000)
 ParOldGen       total 239104K, used 17021K [0x00000000e0000000, 0x00000000ee980000, 0x00000000f5580000)
  object space 239104K, 7% used [0x00000000e0000000,0x00000000e109f628,0x00000000ee980000)
 Metaspace       used 34564K, capacity 35384K, committed 35496K, reserved 1079296K
  class space    used 4914K, capacity 5202K, committed 5288K, reserved 1048576K
}

