# JRE version: Java(TM) SE Runtime Environment (8.0_231-b11) (build 1.8.0_231-b11)
# Java VM: Java HotSpot(TM) 64-Bit Server VM (25.231-b11 mixed mode windows-amd64 compressed oops)
Heap:
 PSYoungGen      total 105984K, used 31572K [0x00000000f5580000, 0x00000000fd900000, 0x0000000100000000)
  eden space 92160K, 19% used [0x00000000f5580000,0x00000000f66d5848,0x00000000faf80000)
  from space 13824K, 99% used [0x00000000faf80000,0x00000000fbcffa40,0x00000000fbd00000)
  to   space 15360K, 0% used [0x00000000fca00000,0x00000000fca00000,0x00000000fd900000)
 ParOldGen       total 207872K, used 17834K [0x00000000e0000000, 0x00000000ecb00000, 0x00000000f5580000)
  object space 207872K, 8% used [0x00000000e0000000,0x00000000e116a9a8,0x00000000ecb00000)
 Metaspace       used 51809K, capacity 53182K, committed 53288K, reserved 1095680K
  class space    used 7237K, capacity 7658K, committed 7720K, reserved 1048576K
GC Heap History (10 events):
Event: 69.781 GC heap before
{Heap before GC invocations=7 (full 1):
 PSYoungGen      total 76288K, used 75786K [0x00000000f5580000, 0x00000000fbf00000, 0x0000000100000000)
  eden space 65536K, 100% used [0x00000000f5580000,0x00000000f9580000,0x00000000f9580000)
  from space 10752K, 95% used [0x00000000f9580000,0x00000000f9f82990,0x00000000fa000000)
  to   space 13312K, 0% used [0x00000000fb200000,0x00000000fb200000,0x00000000fbf00000)
 ParOldGen       total 175104K, used 11077K [0x00000000e0000000, 0x00000000eab00000, 0x00000000f5580000)
  object space 175104K, 6% used [0x00000000e0000000,0x00000000e0ad1738,0x00000000eab00000)
 Metaspace       used 34543K, capacity 35368K, committed 35496K, reserved 1079296K
  class space    used 4917K, capacity 5172K, committed 5288K, reserved 1048576K
Event: 69.809 GC heap after
Heap after GC invocations=7 (full 1):
 PSYoungGen      total 91648K, used 11895K [0x00000000f5580000, 0x00000000fbe80000, 0x0000000100000000)
  eden space 78848K, 0% used [0x00000000f5580000,0x00000000f5580000,0x00000000fa280000)
  from space 12800K, 92% used [0x00000000fb200000,0x00000000fbd9de10,0x00000000fbe80000)
  to   space 14336K, 0% used [0x00000000fa280000,0x00000000fa280000,0x00000000fb080000)
 ParOldGen       total 175104K, used 11085K [0x00000000e0000000, 0x00000000eab00000, 0x00000000f5580000)
  object space 175104K, 6% used [0x00000000e0000000,0x00000000e0ad3738,0x00000000eab00000)
 Metaspace       used 34543K, capacity 35368K, committed 35496K, reserved 1079296K
  class space    used 4917K, capacity 5172K, committed 5288K, reserved 1048576K
}
Event: 83.627 GC heap before
{Heap before GC invocations=8 (full 1):
 PSYoungGen      total 91648K, used 20648K [0x00000000f5580000, 0x00000000fbe80000, 0x0000000100000000)
  eden space 78848K, 11% used [0x00000000f5580000,0x00000000f5e0c328,0x00000000fa280000)
  from space 12800K, 92% used [0x00000000fb200000,0x00000000fbd9de10,0x00000000fbe80000)
  to   space 14336K, 0% used [0x00000000fa280000,0x00000000fa280000,0x00000000fb080000)
 ParOldGen       total 175104K, used 11085K [0x00000000e0000000, 0x00000000eab00000, 0x00000000f5580000)
  object space 175104K, 6% used [0x00000000e0000000,0x00000000e0ad3738,0x00000000eab00000)
 Metaspace       used 34589K, capacity 35414K, committed 35496K, reserved 1079296K
  class space    used 4922K, capacity 5207K, committed 5288K, reserved 1048576K
Event: 83.651 GC heap after
Heap after GC invocations=8 (full 1):
 PSYoungGen      total 93184K, used 9607K [0x00000000f5580000, 0x00000000fca00000, 0x0000000100000000)
  eden space 78848K, 0% used [0x00000000f5580000,0x00000000f5580000,0x00000000fa280000)
  from space 14336K, 67% used [0x00000000fa280000,0x00000000fabe1d58,0x00000000fb080000)
  to   space 13312K, 0% used [0x00000000fbd00000,0x00000000fbd00000,0x00000000fca00000)
 ParOldGen       total 175104K, used 11093K [0x00000000e0000000, 0x00000000eab00000, 0x00000000f5580000)
  object space 175104K, 6% used [0x00000000e0000000,0x00000000e0ad5738,0x00000000eab00000)
 Metaspace       used 34589K, capacity 35414K, committed 35496K, reserved 1079296K
  class space    used 4922K, capacity 5207K, committed 5288K, reserved 1048576K
}
Event: 83.651 GC heap before
{Heap before GC invocations=9 (full 2):
 PSYoungGen      total 93184K, used 9607K [0x00000000f5580000, 0x00000000fca00000, 0x0000000100000000)
  eden space 78848K, 0% used [0x00000000f5580000,0x00000000f5580000,0x00000000fa280000)
  from space 14336K, 67% used [0x00000000fa280000,0x00000000fabe1d58,0x00000000fb080000)
  to   space 13312K, 0% used [0x00000000fbd00000,0x00000000fbd00000,0x00000000fca00000)
 ParOldGen       total 175104K, used 11093K [0x00000000e0000000, 0x00000000eab00000, 0x00000000f5580000)
  object space 175104K, 6% used [0x00000000e0000000,0x00000000e0ad5738,0x00000000eab00000)
 Metaspace       used 34589K, capacity 35414K, committed 35496K, reserved 1079296K
  class space    used 4922K, capacity 5207K, committed 5288K, reserved 1048576K
Event: 83.743 GC heap after
Heap after GC invocations=9 (full 2):
 PSYoungGen      total 93184K, used 0K [0x00000000f5580000, 0x00000000fca00000, 0x0000000100000000)
  eden space 78848K, 0% used [0x00000000f5580000,0x00000000f5580000,0x00000000fa280000)
  from space 14336K, 0% used [0x00000000fa280000,0x00000000fa280000,0x00000000fb080000)
  to   space 13312K, 0% used [0x00000000fbd00000,0x00000000fbd00000,0x00000000fca00000)
 ParOldGen       total 207872K, used 16979K [0x00000000e0000000, 0x00000000ecb00000, 0x00000000f5580000)
  object space 207872K, 8% used [0x00000000e0000000,0x00000000e1094d88,0x00000000ecb00000)
 Metaspace       used 34581K, capacity 35390K, committed 35496K, reserved 1079296K
  class space    used 4919K, capacity 5203K, committed 5288K, reserved 1048576K
}
Event: 121.285 GC heap before
{Heap before GC invocations=10 (full 2):
 PSYoungGen      total 93184K, used 78848K [0x00000000f5580000, 0x00000000fca00000, 0x0000000100000000)
  eden space 78848K, 100% used [0x00000000f5580000,0x00000000fa280000,0x00000000fa280000)
  from space 14336K, 0% used [0x00000000fa280000,0x00000000fa280000,0x00000000fb080000)
  to   space 13312K, 0% used [0x00000000fbd00000,0x00000000fbd00000,0x00000000fca00000)
 ParOldGen       total 207872K, used 16979K [0x00000000e0000000, 0x00000000ecb00000, 0x00000000f5580000)
  object space 207872K, 8% used [0x00000000e0000000,0x00000000e1094d88,0x00000000ecb00000)
 Metaspace       used 43641K, capacity 44674K, committed 44840K, reserved 1087488K
  class space    used 6081K, capacity 6415K, committed 6440K, reserved 1048576K
Event: 121.300 GC heap after
Heap after GC invocations=10 (full 2):
 PSYoungGen      total 105472K, used 11216K [0x00000000f5580000, 0x00000000fcf80000, 0x0000000100000000)
  eden space 92160K, 0% used [0x00000000f5580000,0x00000000f5580000,0x00000000faf80000)
  from space 13312K, 84% used [0x00000000fbd00000,0x00000000fc7f4210,0x00000000fca00000)
  to   space 13824K, 0% used [0x00000000faf80000,0x00000000faf80000,0x00000000fbd00000)
 ParOldGen       total 207872K, used 16987K [0x00000000e0000000, 0x00000000ecb00000, 0x00000000f5580000)
  object space 207872K, 8% used [0x00000000e0000000,0x00000000e1096d88,0x00000000ecb00000)
 Metaspace       used 43641K, capacity 44674K, committed 44840K, reserved 1087488K
  class space    used 6081K, capacity 6415K, committed 6440K, reserved 1048576K
}
Event: 148.197 GC heap before
{Heap before GC invocations=11 (full 2):
 PSYoungGen      total 105472K, used 103376K [0x00000000f5580000, 0x00000000fcf80000, 0x0000000100000000)
  eden space 92160K, 100% used [0x00000000f5580000,0x00000000faf80000,0x00000000faf80000)
  from space 13312K, 84% used [0x00000000fbd00000,0x00000000fc7f4210,0x00000000fca00000)
  to   space 13824K, 0% used [0x00000000faf80000,0x00000000faf80000,0x00000000fbd00000)
 ParOldGen       total 207872K, used 16987K [0x00000000e0000000, 0x00000000ecb00000, 0x00000000f5580000)
  object space 207872K, 8% used [0x00000000e0000000,0x00000000e1096d88,0x00000000ecb00000)
 Metaspace       used 48648K, capacity 50014K, committed 50344K, reserved 1091584K
  class space    used 6817K, capacity 7230K, committed 7336K, reserved 1048576K
Event: 148.232 GC heap after
Heap after GC invocations=11 (full 2):
 PSYoungGen      total 105984K, used 13822K [0x00000000f5580000, 0x00000000fd900000, 0x0000000100000000)
  eden space 92160K, 0% used [0x00000000f5580000,0x00000000f5580000,0x00000000faf80000)
  from space 13824K, 99% used [0x00000000faf80000,0x00000000fbcffa40,0x00000000fbd00000)
  to   space 15360K, 0% used [0x00000000fca00000,0x00000000fca00000,0x00000000fd900000)
 ParOldGen       total 207872K, used 17834K [0x00000000e0000000, 0x00000000ecb00000, 0x00000000f5580000)
  object space 207872K, 8% used [0x00000000e0000000,0x00000000e116a9a8,0x00000000ecb00000)
 Metaspace       used 48648K, capacity 50014K, committed 50344K, reserved 1091584K
  class space    used 6817K, capacity 7230K, committed 7336K, reserved 1048576K
}

